  Q1.c
  Q10.c
  Q11.c
  Q12.c
C:\Users\amitn\source\repos\year2\Project (1)\Project\Project\Q12.c(47,10): warning C4477: 'scanf' : format string '%d' requires an argument of type 'int *', but variadic argument 1 has type 'unsigned char *'
C:\Users\amitn\source\repos\year2\Project (1)\Project\Project\Q12.c(47,10): message : consider using '%hhd' in the format string
C:\Users\amitn\source\repos\year2\Project (1)\Project\Project\Q12.c(48,26): warning C4013: 'findAllSegments' undefined; assuming extern returning int
  Q2.c
  Q3.c
  Q4.c
C:\Users\amitn\source\repos\year2\Project (1)\Project\Project\Q4.c(45,32): warning C4013: 'convertSegmentToList' undefined; assuming extern returning int
C:\Users\amitn\source\repos\year2\Project (1)\Project\Project\Q4.c(45,41): error C2440: '=': cannot convert from 'int' to 'IMG_POS_LIST'
C:\Users\amitn\source\repos\year2\Project (1)\Project\Project\Q4.c(62,14): error C2371: 'convertSegmentToList': redefinition; different basic types
  Q5.c
  Q6.c
  Q7.c
  Q8.c
  Q9.c
  main.c
  Generating Code...
